[debug] [2022-12-12T14:59:38.201Z] ----------------------------------------------------------------------
[debug] [2022-12-12T14:59:38.206Z] Command:       C:\Program Files\nodejs\node.exe C:\Users\hp\AppData\Roaming\npm\node_modules\firebase-tools\lib\bin\firebase.js deploy
[debug] [2022-12-12T14:59:38.208Z] CLI Version:   11.17.0
[debug] [2022-12-12T14:59:38.208Z] Platform:      win32
[debug] [2022-12-12T14:59:38.208Z] Node Version:  v16.17.0
[debug] [2022-12-12T14:59:38.211Z] Time:          Mon Dec 12 2022 20:29:38 GMT+0530 (India Standard Time)
[debug] [2022-12-12T14:59:38.211Z] ----------------------------------------------------------------------
[debug] 
[debug] [2022-12-12T14:59:38.458Z] > command requires scopes: ["email","openid","https://www.googleapis.com/auth/cloudplatformprojects.readonly","https://www.googleapis.com/auth/firebase","https://www.googleapis.com/auth/cloud-platform"]
[debug] [2022-12-12T14:59:38.459Z] > authorizing via signed-in user (kaptansingh66000@gmail.com)
[debug] [2022-12-12T14:59:38.459Z] [iam] checking project movie-app-8b023 for permissions ["firebase.projects.get","firebasehosting.sites.update"]
[debug] [2022-12-12T14:59:38.464Z] >>> [apiv2][query] POST https://cloudresourcemanager.googleapis.com/v1/projects/movie-app-8b023:testIamPermissions [none]
[debug] [2022-12-12T14:59:38.465Z] >>> [apiv2][(partial)header] POST https://cloudresourcemanager.googleapis.com/v1/projects/movie-app-8b023:testIamPermissions x-goog-quota-user=projects/movie-app-8b023
[debug] [2022-12-12T14:59:38.465Z] >>> [apiv2][body] POST https://cloudresourcemanager.googleapis.com/v1/projects/movie-app-8b023:testIamPermissions {"permissions":["firebase.projects.get","firebasehosting.sites.update"]}
[debug] [2022-12-12T14:59:40.529Z] <<< [apiv2][status] POST https://cloudresourcemanager.googleapis.com/v1/projects/movie-app-8b023:testIamPermissions 200
[debug] [2022-12-12T14:59:40.531Z] <<< [apiv2][body] POST https://cloudresourcemanager.googleapis.com/v1/projects/movie-app-8b023:testIamPermissions {"permissions":["firebase.projects.get","firebasehosting.sites.update"]}
[debug] [2022-12-12T14:59:40.538Z] >>> [apiv2][query] GET https://firebase.googleapis.com/v1beta1/projects/movie-app-8b023 [none]
[debug] [2022-12-12T14:59:41.454Z] <<< [apiv2][status] GET https://firebase.googleapis.com/v1beta1/projects/movie-app-8b023 200
[debug] [2022-12-12T14:59:41.455Z] <<< [apiv2][body] GET https://firebase.googleapis.com/v1beta1/projects/movie-app-8b023 {"projectId":"movie-app-8b023","projectNumber":"289364984303","displayName":"movie-app","name":"projects/movie-app-8b023","resources":{"hostingSite":"movie-app-8b023"},"state":"ACTIVE","etag":"1_7da7d4a0-2d90-49e6-8a0d-9cbbcbf7ad00"}
[info] 
[info] === Deploying to 'movie-app-8b023'...
[info] 
[info] i  deploying hosting 
[debug] [2022-12-12T14:59:41.481Z] >>> [apiv2][query] POST https://firebasehosting.googleapis.com/v1beta1/projects/-/sites/movie-app-8b023/versions [none]
[debug] [2022-12-12T14:59:41.481Z] >>> [apiv2][body] POST https://firebasehosting.googleapis.com/v1beta1/projects/-/sites/movie-app-8b023/versions {"status":"CREATED","labels":{"deployment-tool":"cli-firebase"}}
[debug] [2022-12-12T14:59:43.172Z] <<< [apiv2][status] POST https://firebasehosting.googleapis.com/v1beta1/projects/-/sites/movie-app-8b023/versions 200
[debug] [2022-12-12T14:59:43.173Z] <<< [apiv2][body] POST https://firebasehosting.googleapis.com/v1beta1/projects/-/sites/movie-app-8b023/versions {"name":"projects/289364984303/sites/movie-app-8b023/versions/27c6b22c93a262ed","status":"CREATED","config":{},"labels":{"deployment-tool":"cli-firebase"}}
[info] i  hosting[movie-app-8b023]: beginning deploy... 
[info] i  hosting[movie-app-8b023]: found 15 files in build 
[debug] [2022-12-12T14:59:43.320Z] [hosting] uploading with 200 concurrency
[debug] [2022-12-12T14:59:43.405Z] [hosting] hash cache [YnVpbGQ] stored for 15 files
[debug] [2022-12-12T14:59:43.407Z] [hosting][hash queue][FINAL] {"max":24,"min":2,"avg":3.466666666666667,"active":0,"complete":15,"success":15,"errored":0,"retried":0,"total":15,"elapsed":45}
[debug] [2022-12-12T14:59:43.408Z] >>> [apiv2][query] POST https://firebasehosting.googleapis.com/v1beta1/projects/289364984303/sites/movie-app-8b023/versions/27c6b22c93a262ed:populateFiles [none]
[debug] [2022-12-12T14:59:43.408Z] >>> [apiv2][body] POST https://firebasehosting.googleapis.com/v1beta1/projects/289364984303/sites/movie-app-8b023/versions/27c6b22c93a262ed:populateFiles {"files":{"/asset-manifest.json":"8490206a78f5e136b0e52514882bb1da7be2210a469755e2f591286ab369a010","/favicon.ico":"87aecafb41d21ea93b7af81398237b980c43ee880676c78630ee2d1e9a6d711f","/logo192.png":"ebf380e341383bbf65d6a762603f630a9f7610c97f32bd297bc097635bc37ee3","/logo512.png":"c55d034d9cf7abfac7600919cbf4f4ce2f3ea3478df91d01177e8ff136f58918","/manifest.json":"aff3449bdc238776f5d6d967f19ec491b36aed5fb7f23ccff6500736fd58494a","/robots.txt":"5fcd5c559ded0c02b3ed7840ca3ee77e95b798730af98d9f18bc627ac898071e","/static/css/main.74b666c4.css":"de10f47f5ca0c8cc8eeeef23c53b3f1b416c9550dfa93f6fb21108cfaef718be","/static/css/main.74b666c4.css.map":"122e8b43d839617566659e15af20b9a9772bda5589d291c45c4eac5fe20b5c15","/static/js/787.7c42db31.chunk.js":"95a07b647fb415f02b2c97db6155f03f01ce00cf8eaa806aeb98657857ce40b4","/static/js/787.7c42db31.chunk.js.map":"e2bc9ead4e64bcb598af8c1ac98b51b54d54103773e927a38df841b8fa7e136a","/static/js/main.cb752d4a.js":"726a39c7366192dd41092e71b2aa9ef982ccd09125fb48d8ce241ade61148bc7","/static/js/main.cb752d4a.js.LICENSE.txt":"9a5693f3ad64623aa991f3065546bde8af6bb49b81adcb6287518c506d7f1203","/static/js/main.cb752d4a.js.map":"3c7ee1f1a712dfc5713e781aee4171096c19984e9466f0ddc2522bc89dff8c3a","/static/media/next_movie3.1da81e62a5df93882f42.png":"4dd6ebb2ee5bd1aaf7b3b8135c0655ddf38f777fb608746cc48f3a684b061e42","/index.html":"220f72c50e78dd7db6a0e2e8783fa44d71c87868469dfeb3d87240d358d28d2d"}}
[debug] [2022-12-12T14:59:44.654Z] <<< [apiv2][status] POST https://firebasehosting.googleapis.com/v1beta1/projects/289364984303/sites/movie-app-8b023/versions/27c6b22c93a262ed:populateFiles 200
[debug] [2022-12-12T14:59:44.655Z] <<< [apiv2][body] POST https://firebasehosting.googleapis.com/v1beta1/projects/289364984303/sites/movie-app-8b023/versions/27c6b22c93a262ed:populateFiles {"uploadRequiredHashes":["220f72c50e78dd7db6a0e2e8783fa44d71c87868469dfeb3d87240d358d28d2d"],"uploadUrl":"https://upload-firebasehosting.googleapis.com/upload/sites/movie-app-8b023/versions/27c6b22c93a262ed/files"}
[debug] [2022-12-12T14:59:44.657Z] >>> [apiv2][query] POST https://upload-firebasehosting.googleapis.com/upload/sites/movie-app-8b023/versions/27c6b22c93a262ed/files/220f72c50e78dd7db6a0e2e8783fa44d71c87868469dfeb3d87240d358d28d2d [none]
[debug] [2022-12-12T14:59:44.658Z] >>> [apiv2][body] POST https://upload-firebasehosting.googleapis.com/upload/sites/movie-app-8b023/versions/27c6b22c93a262ed/files/220f72c50e78dd7db6a0e2e8783fa44d71c87868469dfeb3d87240d358d28d2d [stream]
[debug] [2022-12-12T14:59:44.663Z] [hosting][populate queue][FINAL] {"max":1267,"min":1267,"avg":1267,"active":0,"complete":1,"success":1,"errored":0,"retried":0,"total":1,"elapsed":1273}
[debug] [2022-12-12T14:59:44.664Z] [hosting] uploads queued: 1
[debug] [2022-12-12T14:59:46.565Z] <<< [apiv2][status] POST https://upload-firebasehosting.googleapis.com/upload/sites/movie-app-8b023/versions/27c6b22c93a262ed/files/220f72c50e78dd7db6a0e2e8783fa44d71c87868469dfeb3d87240d358d28d2d 200
[debug] [2022-12-12T14:59:46.566Z] <<< [apiv2][body] POST https://upload-firebasehosting.googleapis.com/upload/sites/movie-app-8b023/versions/27c6b22c93a262ed/files/220f72c50e78dd7db6a0e2e8783fa44d71c87868469dfeb3d87240d358d28d2d [stream]
[debug] [2022-12-12T14:59:46.566Z] [hosting][upload queue][FINAL] {"max":1911,"min":1911,"avg":1911,"active":0,"complete":1,"success":1,"errored":0,"retried":0,"total":1,"elapsed":1911}
[info] +  hosting[movie-app-8b023]: file upload complete 
[debug] [2022-12-12T14:59:46.570Z] [hosting] deploy completed after 3390ms
[debug] [2022-12-12T14:59:46.576Z] [
  {
    "config": {
      "public": "build",
      "ignore": [
        "firebase.json",
        "**/.*",
        "**/node_modules/**"
      ],
      "rewrites": [
        {
          "source": "**",
          "destination": "/index.html"
        }
      ],
      "site": "movie-app-8b023"
    },
    "version": "projects/289364984303/sites/movie-app-8b023/versions/27c6b22c93a262ed"
  }
]
[info] i  hosting[movie-app-8b023]: finalizing version... 
[debug] [2022-12-12T14:59:46.586Z] >>> [apiv2][query] PATCH https://firebasehosting.googleapis.com/v1beta1/projects/-/sites/movie-app-8b023/versions/27c6b22c93a262ed updateMask=status%2Cconfig
[debug] [2022-12-12T14:59:46.587Z] >>> [apiv2][body] PATCH https://firebasehosting.googleapis.com/v1beta1/projects/-/sites/movie-app-8b023/versions/27c6b22c93a262ed {"status":"FINALIZED","config":{"rewrites":[{"glob":"**","path":"/index.html"}]}}
[debug] [2022-12-12T14:59:48.169Z] <<< [apiv2][status] PATCH https://firebasehosting.googleapis.com/v1beta1/projects/-/sites/movie-app-8b023/versions/27c6b22c93a262ed 200
[debug] [2022-12-12T14:59:48.170Z] <<< [apiv2][body] PATCH https://firebasehosting.googleapis.com/v1beta1/projects/-/sites/movie-app-8b023/versions/27c6b22c93a262ed {"name":"projects/289364984303/sites/movie-app-8b023/versions/27c6b22c93a262ed","status":"FINALIZED","config":{"rewrites":[{"glob":"**","path":"/index.html"}]},"labels":{"deployment-tool":"cli-firebase"},"createTime":"2022-12-12T14:59:45.083063Z","createUser":{"email":"kaptansingh66000@gmail.com"},"finalizeTime":"2022-12-12T14:59:50.083076Z","finalizeUser":{"email":"kaptansingh66000@gmail.com"}}
[debug] [2022-12-12T14:59:48.170Z] [hosting] finalized version for movie-app-8b023:[object Object]
[info] +  hosting[movie-app-8b023]: version finalized 
[info] i  hosting[movie-app-8b023]: releasing new version... 
[debug] [2022-12-12T14:59:48.174Z] >>> [apiv2][query] POST https://firebasehosting.googleapis.com/v1beta1/projects/-/sites/movie-app-8b023/channels/live/releases versionName=projects%2F289364984303%2Fsites%2Fmovie-app-8b023%2Fversions%2F27c6b22c93a262ed
[debug] [2022-12-12T14:59:48.174Z] >>> [apiv2][body] POST https://firebasehosting.googleapis.com/v1beta1/projects/-/sites/movie-app-8b023/channels/live/releases {}
[debug] [2022-12-12T14:59:49.559Z] <<< [apiv2][status] POST https://firebasehosting.googleapis.com/v1beta1/projects/-/sites/movie-app-8b023/channels/live/releases 200
[debug] [2022-12-12T14:59:49.559Z] <<< [apiv2][body] POST https://firebasehosting.googleapis.com/v1beta1/projects/-/sites/movie-app-8b023/channels/live/releases {"name":"projects/289364984303/sites/movie-app-8b023/channels/live/releases/1670857191148073","version":{"name":"projects/289364984303/sites/movie-app-8b023/versions/27c6b22c93a262ed","status":"FINALIZED","config":{"rewrites":[{"glob":"**","path":"/index.html"}]},"labels":{"deployment-tool":"cli-firebase"},"createTime":"2022-12-12T14:59:45.083063Z","createUser":{"email":"kaptansingh66000@gmail.com","imageUrl":"https://lh3.googleusercontent.com/a/AEdFTp6-JmDr1V36Uho9-zBOddG9J5JFourTu0yniXhN"},"finalizeTime":"2022-12-12T14:59:50.083076Z","finalizeUser":{"email":"kaptansingh66000@gmail.com","imageUrl":"https://lh3.googleusercontent.com/a/AEdFTp6-JmDr1V36Uho9-zBOddG9J5JFourTu0yniXhN"}},"type":"DEPLOY","releaseTime":"2022-12-12T14:59:51.148073312Z","releaseUser":{"email":"kaptansingh66000@gmail.com","imageUrl":"https://lh3.googleusercontent.com/a/AEdFTp6-JmDr1V36Uho9-zBOddG9J5JFourTu0yniXhN"}}
[debug] [2022-12-12T14:59:49.560Z] [hosting] release: {"name":"projects/289364984303/sites/movie-app-8b023/channels/live/releases/1670857191148073","version":{"name":"projects/289364984303/sites/movie-app-8b023/versions/27c6b22c93a262ed","status":"FINALIZED","config":{"rewrites":[{"glob":"**","path":"/index.html"}]},"labels":{"deployment-tool":"cli-firebase"},"createTime":"2022-12-12T14:59:45.083063Z","createUser":{"email":"kaptansingh66000@gmail.com","imageUrl":"https://lh3.googleusercontent.com/a/AEdFTp6-JmDr1V36Uho9-zBOddG9J5JFourTu0yniXhN"},"finalizeTime":"2022-12-12T14:59:50.083076Z","finalizeUser":{"email":"kaptansingh66000@gmail.com","imageUrl":"https://lh3.googleusercontent.com/a/AEdFTp6-JmDr1V36Uho9-zBOddG9J5JFourTu0yniXhN"}},"type":"DEPLOY","releaseTime":"2022-12-12T14:59:51.148073312Z","releaseUser":{"email":"kaptansingh66000@gmail.com","imageUrl":"https://lh3.googleusercontent.com/a/AEdFTp6-JmDr1V36Uho9-zBOddG9J5JFourTu0yniXhN"}}
[info] +  hosting[movie-app-8b023]: release complete 
[info] 
[info] +  Deploy complete! 
[info] 
[info] Project Console: https://console.firebase.google.com/project/movie-app-8b023/overview
[info] Hosting URL: https://movie-app-8b023.web.app
[debug] [2022-12-12T14:59:55.239Z] Error: Timed out.
    at Timeout._onTimeout (C:\Users\hp\AppData\Roaming\npm\node_modules\firebase-tools\lib\utils.js:253:49)
    at listOnTimeout (node:internal/timers:559:17)
    at processTimers (node:internal/timers:502:7)
[error] 
[error] Error: An unexpected error has occurred.
